2017-08-31 [04:09:56] [Server thread/INFO]: [ 自由世界清洁工 ] 将在20秒后清除所有掉落物品和生物
2017-08-31 [04:10:06] [Server thread/INFO]: [ 自由世界清洁工 ] 将在10秒后清除所有掉落物品和生物
2017-08-31 [04:10:11] [Server thread/INFO]: [ 自由世界清洁工 ] 将在5秒后清除所有掉落物品和生物
2017-08-31 [04:10:16] [Server thread/INFO]: [ 自由世界清洁工 ] 共清理0个可爱的动物⊙﹏⊙
2017-08-31 [04:10:16] [Server thread/INFO]: [ 自由世界清洁工 ] 共清理0个可怜的路人掉滴东西⊙▽⊙
2017-08-31 [04:14:56] [Server thread/INFO]: [ 自由世界清洁工 ] 将在20秒后清除所有掉落物品和生物
2017-08-31 [04:15:06] [Server thread/INFO]: [ 自由世界清洁工 ] 将在10秒后清除所有掉落物品和生物
2017-08-31 [04:15:11] [Server thread/INFO]: [ 自由世界清洁工 ] 将在5秒后清除所有掉落物品和生物
2017-08-31 [04:15:16] [Server thread/INFO]: [ 自由世界清洁工 ] 共清理0个可爱的动物⊙﹏⊙
2017-08-31 [04:15:16] [Server thread/INFO]: [ 自由世界清洁工 ] 共清理0个可怜的路人掉滴东西⊙▽⊙
2017-08-31 [04:19:56] [Server thread/INFO]: [ 自由世界清洁工 ] 将在20秒后清除所有掉落物品和生物
2017-08-31 [04:20:06] [Server thread/INFO]: [ 自由世界清洁工 ] 将在10秒后清除所有掉落物品和生物
2017-08-31 [04:20:11] [Server thread/INFO]: [ 自由世界清洁工 ] 将在5秒后清除所有掉落物品和生物
2017-08-31 [04:20:16] [Server thread/INFO]: [ 自由世界清洁工 ] 共清理0个可爱的动物⊙﹏⊙
2017-08-31 [04:20:16] [Server thread/INFO]: [ 自由世界清洁工 ] 共清理0个可怜的路人掉滴东西⊙▽⊙
2017-08-31 [04:24:56] [Server thread/INFO]: [ 自由世界清洁工 ] 将在20秒后清除所有掉落物品和生物
2017-08-31 [04:25:06] [Server thread/INFO]: [ 自由世界清洁工 ] 将在10秒后清除所有掉落物品和生物
2017-08-31 [04:25:11] [Server thread/INFO]: [ 自由世界清洁工 ] 将在5秒后清除所有掉落物品和生物
2017-08-31 [04:25:16] [Server thread/INFO]: [ 自由世界清洁工 ] 共清理0个可爱的动物⊙﹏⊙
2017-08-31 [04:25:16] [Server thread/INFO]: [ 自由世界清洁工 ] 共清理0个可怜的路人掉滴东西⊙▽⊙
2017-08-31 [04:29:56] [Server thread/INFO]: [ 自由世界清洁工 ] 将在20秒后清除所有掉落物品和生物
2017-08-31 [04:30:06] [Server thread/INFO]: [ 自由世界清洁工 ] 将在10秒后清除所有掉落物品和生物
2017-08-31 [04:30:11] [Server thread/INFO]: [ 自由世界清洁工 ] 将在5秒后清除所有掉落物品和生物
2017-08-31 [04:30:16] [Server thread/INFO]: [ 自由世界清洁工 ] 共清理0个可爱的动物⊙﹏⊙
2017-08-31 [04:30:16] [Server thread/INFO]: [ 自由世界清洁工 ] 共清理0个可怜的路人掉滴东西⊙▽⊙
2017-08-31 [04:34:56] [Server thread/INFO]: [ 自由世界清洁工 ] 将在20秒后清除所有掉落物品和生物
2017-08-31 [04:35:06] [Server thread/INFO]: [ 自由世界清洁工 ] 将在10秒后清除所有掉落物品和生物
2017-08-31 [04:35:11] [Server thread/INFO]: [ 自由世界清洁工 ] 将在5秒后清除所有掉落物品和生物
2017-08-31 [04:35:16] [Server thread/INFO]: [ 自由世界清洁工 ] 共清理0个可爱的动物⊙﹏⊙
2017-08-31 [04:35:16] [Server thread/INFO]: [ 自由世界清洁工 ] 共清理0个可怜的路人掉滴东西⊙▽⊙
2017-08-31 [04:39:56] [Server thread/INFO]: [ 自由世界清洁工 ] 将在20秒后清除所有掉落物品和生物
2017-08-31 [04:40:06] [Server thread/INFO]: [ 自由世界清洁工 ] 将在10秒后清除所有掉落物品和生物
2017-08-31 [04:40:11] [Server thread/INFO]: [ 自由世界清洁工 ] 将在5秒后清除所有掉落物品和生物
2017-08-31 [04:40:16] [Server thread/INFO]: [ 自由世界清洁工 ] 共清理0个可爱的动物⊙﹏⊙
2017-08-31 [04:40:16] [Server thread/INFO]: [ 自由世界清洁工 ] 共清理0个可怜的路人掉滴东西⊙▽⊙
2017-08-31 [04:44:56] [Server thread/INFO]: [ 自由世界清洁工 ] 将在20秒后清除所有掉落物品和生物
2017-08-31 [04:45:06] [Server thread/INFO]: [ 自由世界清洁工 ] 将在10秒后清除所有掉落物品和生物
2017-08-31 [04:45:11] [Server thread/INFO]: [ 自由世界清洁工 ] 将在5秒后清除所有掉落物品和生物
2017-08-31 [04:45:16] [Server thread/INFO]: [ 自由世界清洁工 ] 共清理0个可爱的动物⊙﹏⊙
2017-08-31 [04:45:16] [Server thread/INFO]: [ 自由世界清洁工 ] 共清理0个可怜的路人掉滴东西⊙▽⊙
2017-08-31 [04:49:56] [Server thread/INFO]: [ 自由世界清洁工 ] 将在20秒后清除所有掉落物品和生物
2017-08-31 [04:50:06] [Server thread/INFO]: [ 自由世界清洁工 ] 将在10秒后清除所有掉落物品和生物
2017-08-31 [04:50:11] [Server thread/INFO]: [ 自由世界清洁工 ] 将在5秒后清除所有掉落物品和生物
2017-08-31 [04:50:16] [Server thread/INFO]: [ 自由世界清洁工 ] 共清理0个可爱的动物⊙﹏⊙
2017-08-31 [04:50:16] [Server thread/INFO]: [ 自由世界清洁工 ] 共清理0个可怜的路人掉滴东西⊙▽⊙
2017-08-31 [04:54:56] [Server thread/INFO]: [ 自由世界清洁工 ] 将在20秒后清除所有掉落物品和生物
2017-08-31 [04:55:06] [Server thread/INFO]: [ 自由世界清洁工 ] 将在10秒后清除所有掉落物品和生物
2017-08-31 [04:55:11] [Server thread/INFO]: [ 自由世界清洁工 ] 将在5秒后清除所有掉落物品和生物
2017-08-31 [04:55:16] [Server thread/INFO]: [ 自由世界清洁工 ] 共清理0个可爱的动物⊙﹏⊙
2017-08-31 [04:55:16] [Server thread/INFO]: [ 自由世界清洁工 ] 共清理0个可怜的路人掉滴东西⊙▽⊙
2017-08-31 [04:59:56] [Server thread/INFO]: [ 自由世界清洁工 ] 将在20秒后清除所有掉落物品和生物
2017-08-31 [05:00:06] [Server thread/INFO]: [ 自由世界清洁工 ] 将在10秒后清除所有掉落物品和生物
2017-08-31 [05:00:11] [Server thread/INFO]: [ 自由世界清洁工 ] 将在5秒后清除所有掉落物品和生物
2017-08-31 [05:00:16] [Server thread/INFO]: [ 自由世界清洁工 ] 共清理0个可爱的动物⊙﹏⊙
2017-08-31 [05:00:16] [Server thread/INFO]: [ 自由世界清洁工 ] 共清理0个可怜的路人掉滴东西⊙▽⊙
2017-08-31 [05:04:56] [Server thread/INFO]: [ 自由世界清洁工 ] 将在20秒后清除所有掉落物品和生物
2017-08-31 [05:05:06] [Server thread/INFO]: [ 自由世界清洁工 ] 将在10秒后清除所有掉落物品和生物
2017-08-31 [05:05:11] [Server thread/INFO]: [ 自由世界清洁工 ] 将在5秒后清除所有掉落物品和生物
2017-08-31 [05:05:16] [Server thread/INFO]: [ 自由世界清洁工 ] 共清理0个可爱的动物⊙﹏⊙
2017-08-31 [05:05:16] [Server thread/INFO]: [ 自由世界清洁工 ] 共清理0个可怜的路人掉滴东西⊙▽⊙
2017-08-31 [05:09:56] [Server thread/INFO]: [ 自由世界清洁工 ] 将在20秒后清除所有掉落物品和生物
2017-08-31 [05:10:06] [Server thread/INFO]: [ 自由世界清洁工 ] 将在10秒后清除所有掉落物品和生物
2017-08-31 [05:10:11] [Server thread/INFO]: [ 自由世界清洁工 ] 将在5秒后清除所有掉落物品和生物
2017-08-31 [05:10:16] [Server thread/INFO]: [ 自由世界清洁工 ] 共清理0个可爱的动物⊙﹏⊙
2017-08-31 [05:10:16] [Server thread/INFO]: [ 自由世界清洁工 ] 共清理0个可怜的路人掉滴东西⊙▽⊙
2017-08-31 [05:14:56] [Server thread/INFO]: [ 自由世界清洁工 ] 将在20秒后清除所有掉落物品和生物
2017-08-31 [05:15:06] [Server thread/INFO]: [ 自由世界清洁工 ] 将在10秒后清除所有掉落物品和生物
2017-08-31 [05:15:11] [Server thread/INFO]: [ 自由世界清洁工 ] 将在5秒后清除所有掉落物品和生物
2017-08-31 [05:15:16] [Server thread/INFO]: [ 自由世界清洁工 ] 共清理0个可爱的动物⊙﹏⊙
2017-08-31 [05:15:16] [Server thread/INFO]: [ 自由世界清洁工 ] 共清理0个可怜的路人掉滴东西⊙▽⊙
2017-08-31 [05:19:56] [Server thread/INFO]: [ 自由世界清洁工 ] 将在20秒后清除所有掉落物品和生物
2017-08-31 [05:20:06] [Server thread/INFO]: [ 自由世界清洁工 ] 将在10秒后清除所有掉落物品和生物
2017-08-31 [05:20:11] [Server thread/INFO]: [ 自由世界清洁工 ] 将在5秒后清除所有掉落物品和生物
2017-08-31 [05:20:16] [Server thread/INFO]: [ 自由世界清洁工 ] 共清理0个可爱的动物⊙﹏⊙
2017-08-31 [05:20:16] [Server thread/INFO]: [ 自由世界清洁工 ] 共清理0个可怜的路人掉滴东西⊙▽⊙
2017-08-31 [05:24:56] [Server thread/INFO]: [ 自由世界清洁工 ] 将在20秒后清除所有掉落物品和生物
2017-08-31 [05:25:06] [Server thread/INFO]: [ 自由世界清洁工 ] 将在10秒后清除所有掉落物品和生物
2017-08-31 [05:25:11] [Server thread/INFO]: [ 自由世界清洁工 ] 将在5秒后清除所有掉落物品和生物
2017-08-31 [05:25:16] [Server thread/INFO]: [ 自由世界清洁工 ] 共清理0个可爱的动物⊙﹏⊙
2017-08-31 [05:25:16] [Server thread/INFO]: [ 自由世界清洁工 ] 共清理0个可怜的路人掉滴东西⊙▽⊙
2017-08-31 [05:29:56] [Server thread/INFO]: [ 自由世界清洁工 ] 将在20秒后清除所有掉落物品和生物
2017-08-31 [05:30:06] [Server thread/INFO]: [ 自由世界清洁工 ] 将在10秒后清除所有掉落物品和生物
2017-08-31 [05:30:11] [Server thread/INFO]: [ 自由世界清洁工 ] 将在5秒后清除所有掉落物品和生物
2017-08-31 [05:30:16] [Server thread/INFO]: [ 自由世界清洁工 ] 共清理0个可爱的动物⊙﹏⊙
2017-08-31 [05:30:16] [Server thread/INFO]: [ 自由世界清洁工 ] 共清理0个可怜的路人掉滴东西⊙▽⊙
2017-08-31 [05:34:56] [Server thread/INFO]: [ 自由世界清洁工 ] 将在20秒后清除所有掉落物品和生物
2017-08-31 [05:35:06] [Server thread/INFO]: [ 自由世界清洁工 ] 将在10秒后清除所有掉落物品和生物
2017-08-31 [05:35:11] [Server thread/INFO]: [ 自由世界清洁工 ] 将在5秒后清除所有掉落物品和生物
2017-08-31 [05:35:16] [Server thread/INFO]: [ 自由世界清洁工 ] 共清理0个可爱的动物⊙﹏⊙
2017-08-31 [05:35:16] [Server thread/INFO]: [ 自由世界清洁工 ] 共清理0个可怜的路人掉滴东西⊙▽⊙
2017-08-31 [05:39:38] [Server thread/INFO]: kissman[/111.249.46.190:49797] [ClientID: 5903278655021412276] logged in with entity id 3 at (world, 123.0351, 64, 118.607)
2017-08-31 [05:39:40] [Server thread/INFO]: [AuthMePE] 玩家 kissman 已经登陆游戏.
2017-08-31 [05:39:40] [Server thread/INFO]: - kissman 成功登入了游戏
2017-08-31 [05:39:40] [Server thread/CRITICAL]: "Could not pass event 'pocketmine\event\player\PlayerJoinEvent' to 'AuthMePE v0.1.4': Class pocketmine\level\sound\BatSound not found on AuthMePE\AuthMePE
2017-08-31 [05:39:40] [Server thread/CRITICAL]: ClassNotFoundException: "Class pocketmine\level\sound\BatSound not found" (EXCEPTION) in "/src/spl/BaseClassLoader" at line 144
2017-08-31 [05:39:56] [Server thread/INFO]: [ 自由世界清洁工 ] 将在20秒后清除所有掉落物品和生物
2017-08-31 [05:39:59] [Server thread/INFO]: - kissman离开了服务器
2017-08-31 [05:39:59] [Server thread/INFO]: [AuthMePE] Player kissman 退出了游戏.
2017-08-31 [05:39:59] [Server thread/INFO]: kissman[/111.249.46.190:49797] logged out due to client disconnect
2017-08-31 [05:40:06] [Server thread/INFO]: [ 自由世界清洁工 ] 将在10秒后清除所有掉落物品和生物
2017-08-31 [05:40:11] [Server thread/INFO]: [ 自由世界清洁工 ] 将在5秒后清除所有掉落物品和生物
2017-08-31 [05:40:15] [Server thread/INFO]: renhui[/111.249.46.190:49797] [ClientID: 5903278655021412276] logged in with entity id 4 at (world, 84.1464, 71, 128.6501)
2017-08-31 [05:40:16] [Server thread/INFO]: [ 自由世界清洁工 ] 共清理0个可爱的动物⊙﹏⊙
2017-08-31 [05:40:16] [Server thread/INFO]: [ 自由世界清洁工 ] 共清理0个可怜的路人掉滴东西⊙▽⊙
2017-08-31 [05:40:32] [Server thread/INFO]: renhui[/111.249.46.190:49797] logged out due to Kicked by admin. Reason: 过长时间没有登陆自动踢出
2017-08-31 [05:44:56] [Server thread/INFO]: [ 自由世界清洁工 ] 将在20秒后清除所有掉落物品和生物
2017-08-31 [05:45:06] [Server thread/INFO]: [ 自由世界清洁工 ] 将在10秒后清除所有掉落物品和生物
2017-08-31 [05:45:11] [Server thread/INFO]: [ 自由世界清洁工 ] 将在5秒后清除所有掉落物品和生物
2017-08-31 [05:45:16] [Server thread/INFO]: [ 自由世界清洁工 ] 共清理0个可爱的动物⊙﹏⊙
2017-08-31 [05:45:16] [Server thread/INFO]: [ 自由世界清洁工 ] 共清理0个可怜的路人掉滴东西⊙▽⊙
2017-08-31 [05:47:53] [Server thread/INFO]: kissman[/111.249.46.190:65102] [ClientID: 5903278655021412276] logged in with entity id 5 at (world, 122.4971, 65, 115.5088)
2017-08-31 [05:47:54] [Server thread/INFO]: [AuthMePE] 玩家 kissman 已经登陆游戏.
2017-08-31 [05:47:54] [Server thread/INFO]: - kissman 成功登入了游戏
2017-08-31 [05:47:54] [Server thread/CRITICAL]: "Could not pass event 'pocketmine\event\player\PlayerJoinEvent' to 'AuthMePE v0.1.4': Class pocketmine\level\sound\BatSound not found on AuthMePE\AuthMePE
2017-08-31 [05:47:54] [Server thread/CRITICAL]: ClassNotFoundException: "Class pocketmine\level\sound\BatSound not found" (EXCEPTION) in "/src/spl/BaseClassLoader" at line 144
2017-08-31 [05:48:06] [Server thread/INFO]: - kissman离开了服务器
2017-08-31 [05:48:06] [Server thread/INFO]: [AuthMePE] Player kissman 退出了游戏.
2017-08-31 [05:48:06] [Server thread/INFO]: kissman[/111.249.46.190:65102] logged out due to client disconnect
2017-08-31 [05:48:29] [Server thread/INFO]: 100_000[/111.249.46.190:65102] [ClientID: 5903278655021412276] logged in with entity id 6 at (world, 125.328, 64, 139.7964)
2017-08-31 [05:48:46] [Server thread/INFO]: 100_000[/111.249.46.190:65102] logged out due to Kicked by admin. Reason: 过长时间没有登陆自动踢出
2017-08-31 [05:49:15] [Server thread/INFO]: worldfire[/111.249.46.190:65102] [ClientID: 5903278655021412276] logged in with entity id 7 at (world, 128, 65, 128)
2017-08-31 [05:49:23] [Server thread/INFO]: worldfire[/111.249.46.190:65102] logged out due to client disconnect
2017-08-31 [05:49:56] [Server thread/INFO]: [ 自由世界清洁工 ] 将在20秒后清除所有掉落物品和生物
2017-08-31 [05:50:06] [Server thread/INFO]: [ 自由世界清洁工 ] 将在10秒后清除所有掉落物品和生物
2017-08-31 [05:50:07] [Server thread/INFO]: kissman[/111.249.46.190:62020] [ClientID: 5903278655021412276] logged in with entity id 8 at (world, 122.821, 65, 115.4511)
2017-08-31 [05:50:09] [Server thread/INFO]: [AuthMePE] 玩家 kissman 已经登陆游戏.
2017-08-31 [05:50:09] [Server thread/INFO]: - kissman 成功登入了游戏
2017-08-31 [05:50:09] [Server thread/CRITICAL]: "Could not pass event 'pocketmine\event\player\PlayerJoinEvent' to 'AuthMePE v0.1.4': Class pocketmine\level\sound\BatSound not found on AuthMePE\AuthMePE
2017-08-31 [05:50:09] [Server thread/CRITICAL]: ClassNotFoundException: "Class pocketmine\level\sound\BatSound not found" (EXCEPTION) in "/src/spl/BaseClassLoader" at line 144
2017-08-31 [05:50:11] [Server thread/INFO]: [ 自由世界清洁工 ] 将在5秒后清除所有掉落物品和生物
2017-08-31 [05:50:16] [Server thread/INFO]: [ 自由世界清洁工 ] 共清理0个可爱的动物⊙﹏⊙
2017-08-31 [05:50:16] [Server thread/INFO]: [ 自由世界清洁工 ] 共清理0个可怜的路人掉滴东西⊙▽⊙
2017-08-31 [05:50:24] [Server thread/INFO]: - kissman离开了服务器
2017-08-31 [05:50:24] [Server thread/INFO]: [AuthMePE] Player kissman 退出了游戏.
2017-08-31 [05:50:24] [Server thread/INFO]: kissman[/111.249.46.190:62020] logged out due to client disconnect
2017-08-31 [05:50:42] [Server thread/INFO]: top_ray[/111.249.46.190:62020] [ClientID: 5903278655021412276] logged in with entity id 9 at (world, 132.396, 64.9999, 131.271)
2017-08-31 [05:51:14] [Server thread/INFO]: top_ray[/111.249.46.190:62020] logged out due to Kicked by admin. Reason: 过长时间没有登陆自动踢出
2017-08-31 [05:51:32] [Server thread/INFO]: Green_sky[/111.249.46.190:62020] [ClientID: 5903278655021412276] logged in with entity id 10 at (world, 128, 28.2, 128)
2017-08-31 [05:51:57] [Server thread/INFO]: [AuthMePE] 玩家 Green_sky 已经登陆游戏.
2017-08-31 [05:51:57] [Server thread/INFO]: - Green_sky 成功登入了游戏
2017-08-31 [05:51:58] [Server thread/CRITICAL]: Could not execute task AuthMePE\SoundTask: Class pocketmine\level\sound\BatSound not found
2017-08-31 [05:51:58] [Server thread/CRITICAL]: ClassNotFoundException: "Class pocketmine\level\sound\BatSound not found" (EXCEPTION) in "/src/spl/BaseClassLoader" at line 144
2017-08-31 [05:52:41] [Server thread/WARNING]: Green_sky moved wrongly!
2017-08-31 [05:53:09] [Server thread/INFO]: - Green_sky离开了服务器
2017-08-31 [05:53:09] [Server thread/INFO]: [AuthMePE] Player Green_sky 退出了游戏.
2017-08-31 [05:53:09] [Server thread/INFO]: Green_sky[/111.249.46.190:62020] logged out due to client disconnect
2017-08-31 [05:53:19] [Server thread/INFO]: PVP2[/59.149.50.144:64365] [ClientID: -4561615290563282809] logged in with entity id 11 at (world, 54.0977, 71.1235, -41.8794)
2017-08-31 [05:53:28] [Server thread/INFO]: worldfire0503[/111.249.46.190:62020] logged out due to You are banned
2017-08-31 [05:53:38] [Server thread/INFO]: [AuthMePE] 玩家 PVP2 已经登陆游戏.
2017-08-31 [05:53:38] [Server thread/INFO]: - PVP2 成功登入了游戏
2017-08-31 [05:53:38] [Server thread/CRITICAL]: Could not execute task AuthMePE\SoundTask: Class pocketmine\level\sound\BatSound not found
2017-08-31 [05:53:38] [Server thread/CRITICAL]: ClassNotFoundException: "Class pocketmine\level\sound\BatSound not found" (EXCEPTION) in "/src/spl/BaseClassLoader" at line 144
2017-08-31 [05:53:57] [Server thread/INFO]: power777888[/111.249.46.190:62020] [ClientID: 5903278655021412276] logged in with entity id 12 at (world, 134.6828, 64, 121.3)
2017-08-31 [05:54:12] [Server thread/INFO]: power777888[/111.249.46.190:62020] logged out due to Kicked by admin. Reason: 
尝试太多次输入密码
请在 3 分钟后尝试


本次未成功登入记录文件中.添加ip查询.防止盗号.
2017-08-31 [05:54:39] [Server thread/INFO]: kissman[/111.249.46.190:62020] [ClientID: 5903278655021412276] logged in with entity id 52 at (world, 132.9931, 65, 132.4816)
2017-08-31 [05:54:41] [Server thread/INFO]: [AuthMePE] 玩家 kissman 已经登陆游戏.
2017-08-31 [05:54:41] [Server thread/INFO]: - kissman 成功登入了游戏
2017-08-31 [05:54:41] [Server thread/CRITICAL]: "Could not pass event 'pocketmine\event\player\PlayerJoinEvent' to 'AuthMePE v0.1.4': Class pocketmine\level\sound\BatSound not found on AuthMePE\AuthMePE
2017-08-31 [05:54:41] [Server thread/CRITICAL]: ClassNotFoundException: "Class pocketmine\level\sound\BatSound not found" (EXCEPTION) in "/src/spl/BaseClassLoader" at line 144
2017-08-31 [05:54:56] [Server thread/INFO]: [ 自由世界清洁工 ] 将在20秒后清除所有掉落物品和生物
2017-08-31 [05:55:03] [Server thread/INFO]: - kissman离开了服务器
2017-08-31 [05:55:03] [Server thread/INFO]: [AuthMePE] Player kissman 退出了游戏.
2017-08-31 [05:55:03] [Server thread/INFO]: kissman[/111.249.46.190:62020] logged out due to client disconnect
2017-08-31 [05:55:06] [Server thread/INFO]: [ 自由世界清洁工 ] 将在10秒后清除所有掉落物品和生物
2017-08-31 [05:55:11] [Server thread/INFO]: [ 自由世界清洁工 ] 将在5秒后清除所有掉落物品和生物
2017-08-31 [05:55:16] [Server thread/INFO]: [ 自由世界清洁工 ] 共清理0个可爱的动物⊙﹏⊙
2017-08-31 [05:55:16] [Server thread/INFO]: [ 自由世界清洁工 ] 共清理0个可怜的路人掉滴东西⊙▽⊙
2017-08-31 [05:55:20] [Server thread/INFO]: SOBER[/111.249.46.190:62020] [ClientID: 5903278655021412276] logged in with entity id 53 at (world, 148.0826, 70, 119.5955)
2017-08-31 [05:55:36] [Server thread/INFO]: [AuthMePE] 玩家 SOBER 已经登陆游戏.
2017-08-31 [05:55:36] [Server thread/INFO]: - SOBER 成功登入了游戏
2017-08-31 [05:55:36] [Server thread/CRITICAL]: Could not execute task AuthMePE\SoundTask: Class pocketmine\level\sound\BatSound not found
2017-08-31 [05:55:36] [Server thread/CRITICAL]: ClassNotFoundException: "Class pocketmine\level\sound\BatSound not found" (EXCEPTION) in "/src/spl/BaseClassLoader" at line 144
2017-08-31 [05:55:41] [Server thread/INFO]: SOBER died
2017-08-31 [05:55:41] [Server thread/INFO]: [PVP2: Killed SOBER]
2017-08-31 [05:56:12] [Server thread/INFO]: - SOBER离开了服务器
2017-08-31 [05:56:12] [Server thread/INFO]: [AuthMePE] Player SOBER 退出了游戏.
2017-08-31 [05:56:12] [Server thread/INFO]: SOBER[/111.249.46.190:62020] logged out due to client disconnect
2017-08-31 [05:56:28] [Server thread/INFO]: SOBER[/111.249.46.190:62020] [ClientID: 5903278655021412276] logged in with entity id 679 at (th, 146.701, 67.8438, 109.9438)
2017-08-31 [05:56:30] [Server thread/INFO]: [AuthMePE] 玩家 SOBER 已经登陆游戏.
2017-08-31 [05:56:30] [Server thread/INFO]: - SOBER 成功登入了游戏
2017-08-31 [05:56:30] [Server thread/CRITICAL]: "Could not pass event 'pocketmine\event\player\PlayerJoinEvent' to 'AuthMePE v0.1.4': Class pocketmine\level\sound\BatSound not found on AuthMePE\AuthMePE
2017-08-31 [05:56:30] [Server thread/CRITICAL]: ClassNotFoundException: "Class pocketmine\level\sound\BatSound not found" (EXCEPTION) in "/src/spl/BaseClassLoader" at line 144
2017-08-31 [05:57:17] [Server thread/INFO]: [PVP2: Teleported PVP2 to SOBER]
2017-08-31 [05:57:19] [Server thread/INFO]: - SOBER离开了服务器
2017-08-31 [05:57:19] [Server thread/INFO]: [AuthMePE] Player SOBER 退出了游戏.
2017-08-31 [05:57:19] [Server thread/INFO]: SOBER[/111.249.46.190:62020] logged out due to client disconnect
2017-08-31 [05:57:43] [Server thread/INFO]: kissman[/111.249.46.190:62020] [ClientID: 5903278655021412276] logged in with entity id 3611 at (world, 123.7437, 64, 118.7408)
2017-08-31 [05:57:44] [Server thread/INFO]: [AuthMePE] 玩家 kissman 已经登陆游戏.
2017-08-31 [05:57:44] [Server thread/INFO]: - kissman 成功登入了游戏
2017-08-31 [05:57:44] [Server thread/CRITICAL]: "Could not pass event 'pocketmine\event\player\PlayerJoinEvent' to 'AuthMePE v0.1.4': Class pocketmine\level\sound\BatSound not found on AuthMePE\AuthMePE
2017-08-31 [05:57:44] [Server thread/CRITICAL]: ClassNotFoundException: "Class pocketmine\level\sound\BatSound not found" (EXCEPTION) in "/src/spl/BaseClassLoader" at line 144
2017-08-31 [05:57:49] [Server thread/INFO]: kissman died
2017-08-31 [05:57:49] [Server thread/INFO]: [PVP2: Killed kissman]
2017-08-31 [05:57:58] [Server thread/INFO]: [辩论者Talker]kissman : 蛤
2017-08-31 [05:58:14] [Server thread/INFO]: [辩论者Talker]kissman : 呃
2017-08-31 [05:58:23] [Server thread/INFO]: [辩论者Talker]kissman : 有人熊
2017-08-31 [05:58:31] [Server thread/INFO]: [搏斗者Fighter]PVP2 : 不是我
2017-08-31 [05:58:40] [Server thread/INFO]: [辩论者Talker]kissman : 是嗎
2017-08-31 [05:59:10] [Server thread/INFO]: [辩论者Talker]kissman : 那是誰
2017-08-31 [05:59:13] [Server thread/INFO]: [搏斗者Fighter]PVP2 : 你別氣我
2017-08-31 [05:59:42] [Server thread/INFO]: [PVP2: Teleported PVP2 to kissman]
2017-08-31 [05:59:47] [Server thread/INFO]: [辩论者Talker]kissman : 是誰
2017-08-31 [05:59:57] [Server thread/INFO]: [ 自由世界清洁工 ] 将在20秒后清除所有掉落物品和生物
2017-08-31 [06:00:07] [Server thread/INFO]: [ 自由世界清洁工 ] 将在10秒后清除所有掉落物品和生物
2017-08-31 [06:00:09] [Server thread/INFO]: [辩论者Talker]kissman : 你買op
2017-08-31 [06:00:12] [Server thread/INFO]: [ 自由世界清洁工 ] 将在5秒后清除所有掉落物品和生物
2017-08-31 [06:00:16] [Server thread/INFO]: [搏斗者Fighter]PVP2 : 不是
2017-08-31 [06:00:17] [Server thread/INFO]: [ 自由世界清洁工 ] 共清理0个可爱的动物⊙﹏⊙
2017-08-31 [06:00:17] [Server thread/INFO]: [ 自由世界清洁工 ] 共清理7个可怜的路人掉滴东西⊙▽⊙
2017-08-31 [06:00:36] [Server thread/INFO]: [辩论者Talker]kissman : 那你怎麼會有
2017-08-31 [06:00:59] [Server thread/INFO]: [搏斗者Fighter]PVP2 : 不能説
2017-08-31 [06:01:33] [Server thread/INFO]: [辩论者Talker]kissman : 是腐竹給你的
2017-08-31 [06:01:39] [Server thread/INFO]: [搏斗者Fighter]PVP2 : 是
2017-08-31 [06:01:59] [Server thread/INFO]: [辩论者Talker]kissman : 你幫他蓋
2017-08-31 [06:02:41] [Server thread/NOTICE]: Player data not found for "sumptuousdeer68", creating new profile
2017-08-31 [06:02:41] [Server thread/INFO]: SumptuousDeer68[/68.134.162.67:56958] [ClientID: -4904865259435899076] logged in with entity id 3670 at (world, 128, 64, 128)
2017-08-31 [06:03:01] [Server thread/INFO]: [辩论者Talker]kissman : 你炸的嗎
2017-08-31 [06:03:07] [Server thread/INFO]: [搏斗者Fighter]PVP2 : 不是
2017-08-31 [06:03:37] [Server thread/INFO]: SumptuousDeer68[/68.134.162.67:56958] logged out due to client disconnect
2017-08-31 [06:03:42] [Server thread/INFO]: [辩论者Talker]kissman : 可是指有你是opㄧㄝ˙
2017-08-31 [06:04:05] [Server thread/INFO]: [搏斗者Fighter]PVP2 : 我是OP，但不是我
2017-08-31 [06:04:19] [Server thread/INFO]: [辩论者Talker]kissman : 那是誰
2017-08-31 [06:04:26] [Server thread/INFO]: [搏斗者Fighter]PVP2 : 不知道
2017-08-31 [06:04:48] [Server thread/INFO]: [辩论者Talker]kissman : 你幹嘛給我鑽石
2017-08-31 [06:04:49] [Server thread/INFO]: [PVP2: Set own game mode to Survival Mode]
2017-08-31 [06:04:57] [Server thread/INFO]: [PVP2: Set own game mode to Creative Mode]
2017-08-31 [06:04:57] [Server thread/INFO]: [ 自由世界清洁工 ] 将在20秒后清除所有掉落物品和生物
2017-08-31 [06:05:07] [Server thread/INFO]: [ 自由世界清洁工 ] 将在10秒后清除所有掉落物品和生物
2017-08-31 [06:05:10] [Server thread/INFO]: [搏斗者Fighter]PVP2 : 你不要嗎
2017-08-31 [06:05:12] [Server thread/INFO]: [ 自由世界清洁工 ] 将在5秒后清除所有掉落物品和生物
2017-08-31 [06:05:15] [Server thread/INFO]: [辩论者Talker]kissman : 直接給錢就好了
2017-08-31 [06:05:17] [Server thread/INFO]: [ 自由世界清洁工 ] 共清理10个可爱的动物⊙﹏⊙
2017-08-31 [06:05:17] [Server thread/INFO]: [ 自由世界清洁工 ] 共清理1个可怜的路人掉滴东西⊙▽⊙
2017-08-31 [06:05:22] [Server thread/INFO]: [搏斗者Fighter]PVP2 : No
2017-08-31 [06:05:38] [Server thread/INFO]: [PVP2: Given Stone (1:0) * 64 to kissman]
2017-08-31 [06:05:41] [Server thread/INFO]: [辩论者Talker]kissman : 給鑽石不是一樣
2017-08-31 [06:06:02] [Server thread/INFO]: [搏斗者Fighter]PVP2 : 這才是我
2017-08-31 [06:06:14] [Server thread/INFO]: [辩论者Talker]kissman : 蛤
