GenisysPro Crash Dump Mon Sep 11 21:17:21 CST 2017

Error: Argument 1 passed to HereAuth\User\AccountOpts::extractObject() must be an instance of stdClass, null given, called in phar:///root/yy/plugins/HereAuth.phar/src/HereAuth/User/AccountInfo.php on line 122
File: /HereAuth.phar/src/HereAuth/User/AccountOpts
Line: 106
Type: notice

THIS CRASH WAS CAUSED BY A PLUGIN
BAD PLUGIN : HereAuth v1.0-Dev#39

Code:
[97] 
[98] 	public function serialize(){
[99] 		return json_encode($this);
[100] 	}
[101] 
[102] 	public function unserialize($serialized){
[103] 		$this->extractObject(json_decode($serialized));
[104] 	}
[105] 
[106] 	public function extractObject(stdClass $data){
[107] 		foreach($data as $key => $value){
[108] 			$this->{$key} = $value;
[109] 		}
[110] 		return $this;
[111] 	}
[112] }
[113] 
[114] 
[115] 
[116] 

Backtrace:
#0 /HereAuth.phar/src/HereAuth/Database/Json/JsonLoadFileTask(45): HereAuth\User\AccountInfo->unserialize(boolean )
#1 /src/pocketmine/scheduler/AsyncPool(174): HereAuth\Database\Json\JsonLoadFileTask->onCompletion(pocketmine\Server object)
#2 /src/pocketmine/scheduler/ServerScheduler(267): pocketmine\scheduler\AsyncPool->collectTasks(boolean)
#3 /src/pocketmine/Server(2825): pocketmine\scheduler\ServerScheduler->mainThreadHeartbeat(integer 116599)
#4 /src/pocketmine/Server(2548): pocketmine\Server->tick(boolean)
#5 /src/pocketmine/Server(2426): pocketmine\Server->tickProcessor(boolean)
#6 /src/pocketmine/Server(1997): pocketmine\Server->start(boolean)
#7 /src/pocketmine/PocketMine(492): pocketmine\Server->__construct(BaseClassLoader object, pocketmine\utils\MainLogger object, string phar:///root/yy/PocketMine-MP.phar/, string /root/yy/, string /root/yy/plugins/)
#8 (1): require_once(string phar:///root/yy/PocketMine-MP.phar/src/pocketmine/PocketMine.php)

GenisysPro version: 5437e0f80bf90f433088e627a570def50ede9014 [Protocol 113; API 3.0.1]
uname -a: Linux yy-itoytoy-com 4.4.0-62-generic #83-Ubuntu SMP Wed Jan 18 14:10:15 UTC 2017 x86_64
PHP version: 7.0.9
Zend version: 3.0.0
OS : Linux, linux

Server uptime: 1 hours 37 minutes 15 seconds
Number of loaded worlds: 5
Players online: 7/666

Loaded plugins:
db 1.0.0 by Benben for API(s) 1.1.0
MagicWE 0.2.7 by thebigsmileXD for API(s) 3.0.0-ALPHA3
QituShop 1.2.0 by qitu for API(s) 1.0.0
ChestLocker 1.2 by EvolSoft for API(s) 1.8.0
Opaving 1.0.0 by Orange for API(s) 1.0.0, 2.0.0, 3.0.0, 3.0.0-ALPHA1, 3.0.0-ALPHA2, 3.0.0-ALPHA3, 3.0.0-ALPHA4
SWorld 1.1.0 by 18WYJ2 & boybook for API(s) 1.0.0
Asign 1.4 by Kirt for API(s) 1.10.0
essentialsTP 1.0.9 by  for API(s) 1.0.0
AshMan 1.0.1 by FENGberd,Alcatraz_Du for API(s) 1.0.0
SmartSign_by腐竹CrainL 1.0.0 by CrainL for API(s) 1.0.0
SimpleMarry 1.3.0 by Him188 for API(s) 1.0.0
MagicTelePortal 1.3.2 didou汉化 by aliuly for API(s) 1.10.0
HereAuth 1.0-Dev#39 by PEMapModder for API(s) 3.0.0-ALPHA5
DisableFlow 1.0.0 by MUedsa for API(s) 1.8.0
EconomyAPI 2.0.9 by onebone for API(s) 1.0.0, 1.1.0, 1.2.0, 1.2.1, 1.3.0, 1.3.1, 1.4.0, 1.4.1
BanItem 2.2 by LDX for API(s) 1.0.0, 2.0.0
ld 流星优化 by onebone for API(s) 1.0.0, 1.1.0, 1.2.0, 1.2.1, 1.3.0, 1.3.1, 1.4.0, 1.4.1
