GenisysPro Crash Dump Sat Aug 26 02:26:51 CST 2017

Error: Out of memory (allocated 608174080) (tried to allocate 75497472 bytes)
File: /src/pocketmine/level/Level
Line: 1381
Type: E_ERROR

Code:
[1372]         }
[1373] 
[1374]         $block = clone $this->blockStates[$fullState & 0xfff];
[1375] 
[1376]         $block->x = $pos->x;
[1377]         $block->y = $pos->y;
[1378]         $block->z = $pos->z;
[1379]         $block->level = $this;
[1380] 
[1381]         return $this->blockCache[$index] = $block;
[1382]     }
[1383] 
[1384]     public function updateAllLight(Vector3 $pos) {
[1385]         $this->updateBlockSkyLight($pos->x, $pos->y, $pos->z);
[1386]         $this->updateBlockLight($pos->x, $pos->y, $pos->z);
[1387]     }
[1388] 
[1389]     public function updateBlockSkyLight(int $x, int $y, int $z) {
[1390]         $this->timings->doBlockSkyLightUpdates->startTiming();
[1391]         $oldHeightMap = $this->getHeightMap($x, $z);

Backtrace:
#0 (): pocketmine\Server->crashDump(boolean)

GenisysPro version: c47625bb0261368cd9551691bf161aee3185857e [Protocol 113; API 3.0.1]
uname -a: Linux iZt4ncs0fu03n78v5wilaiZ 4.4.0-85-generic #108-Ubuntu SMP Mon Jul 3 17:23:59 UTC 2017 x86_64
PHP version: 7.0.9
Zend version: 3.0.0
OS : Linux, linux

Server uptime: 50 minutes 4 seconds
Number of loaded worlds: 5
Players online: 4/666

Loaded plugins:
Asign 1.4 by Kirt for API(s) 1.10.0
AshMan 1.0.1 by FENGberd,Alcatraz_Du for API(s) 1.0.0
Opaving 1.0.0 by Orange for API(s) 1.0.0, 2.0.0, 3.0.0, 3.0.0-ALPHA1, 3.0.0-ALPHA2, 3.0.0-ALPHA3, 3.0.0-ALPHA4
SimpleMarry 1.3.0 by Him188 for API(s) 1.0.0
db 1.0.0 by Benben for API(s) 1.1.0
essentialsTP 1.0.9 by  for API(s) 1.0.0
DisableFlow 1.0.0 by MUedsa for API(s) 1.8.0
SWorld 1.1.0 by 18WYJ2 & boybook for API(s) 1.0.0
EconomyAPI 2.0.9 by onebone for API(s) 1.0.0, 1.1.0, 1.2.0, 1.2.1, 1.3.0, 1.3.1, 1.4.0, 1.4.1
QituShop 1.2.0 by qitu for API(s) 1.0.0
ld 流星优化 by onebone for API(s) 1.0.0, 1.1.0, 1.2.0, 1.2.1, 1.3.0, 1.3.1, 1.4.0, 1.4.1
RealKeepInventory 0.0.1 by MUedsa for API(s) 1.8.0
AuthMePE 1.0.1 by hoyinm14mc, Edwardthedog2 for API(s) 3.0.0-ALPHA7
MagicWE 0.2.7 by thebigsmileXD for API(s) 3.0.0-ALPHA3
SmartSign_by腐竹CrainL 1.0.0 by CrainL for API(s) 1.0.0
MagicTelePortal 1.3.2 didou汉化 by aliuly for API(s) 1.10.0
ChestLocker 1.2 by EvolSoft for API(s) 1.8.0
