GenisysPro Crash Dump Sun Aug 6 12:41:17 CST 2017

Error: Allowed memory size of 1073741824 bytes exhausted (tried to allocate 348160 bytes)
File: /src/pocketmine/Server
Line: 2134
Type: E_ERROR

Code:
[2125] 			if($p->isConnected()){
[2126] 				$targets[] = $this->identifiers[spl_object_hash($p)];
[2127] 			}
[2128] 		}
[2129] 
[2130] 		if(!$forceSync and $this->networkCompressionAsync){
[2131] 			$task = new CompressBatchedTask($str, $targets, $this->networkCompressionLevel);
[2132] 			$this->getScheduler()->scheduleAsyncTask($task);
[2133] 		}else{
[2134] 			$this->broadcastPacketsCallback(zlib_encode($str, ZLIB_ENCODING_DEFLATE, $this->networkCompressionLevel), $targets);
[2135] 		}
[2136] 
[2137] 		Timings::$playerNetworkTimer->stopTiming();
[2138] 	}
[2139] 
[2140] 	public function broadcastPacketsCallback($data, array $identifiers){
[2141] 		$pk = new BatchPacket();
[2142] 		$pk->payload = $data;
[2143] 		$pk->encode();
[2144] 		$pk->isEncoded = true;

Backtrace:
#0 (): pocketmine\Server->crashDump(boolean)

GenisysPro version: 2164fd927a9d58cb71d85fe55a50e1327a5bbe12 [Protocol 113; API 3.0.1]
uname -a: Linux iZ2ze87gj89xj2f4vxw8tkZ 4.4.0-85-generic #108-Ubuntu SMP Mon Jul 3 17:23:59 UTC 2017 x86_64
PHP version: 7.0.3
Zend version: 3.0.0
OS : Linux, linux

Server uptime: 16 hours 42 minutes 57 seconds
Number of loaded worlds: 5
Players online: 7/666

Loaded plugins:
Asign 1.4 by Kirt for API(s) 1.10.0
Opaving 1.0.0 by Orange for API(s) 1.0.0, 2.0.0, 3.0.0, 3.0.0-ALPHA1, 3.0.0-ALPHA2, 3.0.0-ALPHA3, 3.0.0-ALPHA4
db 1.0.0 by Benben for API(s) 1.1.0
essentialsTP 1.0.9 by  for API(s) 1.0.0
DisableFlow 1.0.0 by MUedsa for API(s) 1.8.0
SWorld 1.1.0 by 18WYJ2 & boybook for API(s) 1.0.0
AuthMePE 0.1.4 by hoyinm & CyberCube-HK™ for API(s) 1.12.0
EconomyAPI 2.0.9 by onebone for API(s) 1.0.0, 1.1.0, 1.2.0, 1.2.1, 1.3.0, 1.3.1, 1.4.0, 1.4.1
QituShop 1.2.0 by qitu for API(s) 1.0.0
ld 流星优化 by onebone for API(s) 1.0.0, 1.1.0, 1.2.0, 1.2.1, 1.3.0, 1.3.1, 1.4.0, 1.4.1
RealKeepInventory 0.0.1 by MUedsa for API(s) 1.8.0
MagicWE 0.2.7 by thebigsmileXD for API(s) 3.0.0-ALPHA3
SmartSign_by腐竹CrainL 1.0.0 by CrainL for API(s) 1.0.0
MagicTelePortal 1.3.2 didou汉化 by aliuly for API(s) 1.10.0
ChestLocker 1.2 by EvolSoft for API(s) 1.8.0
