GenisysPro Crash Dump Wed Aug 2 15:46:23 CST 2017

Error: Constant pocketmine\PATH already defined
File: /src/pocketmine/PocketMine
Line: 92
Type: E_NOTICE

Code:
[83] 
[84] 	/*
[85] 	 * Startup code. Do not look at it, it may harm you.
[86] 	 * Most of them are hacks to fix date-related bugs, or basic functions used after this
[87] 	 * This is the only non-class based file on this project.
[88] 	 * Enjoy it as much as I did writing it. I don't want to do it again.
[89] 	 */
[90] 
[91] 	if(\Phar::running(true) !== ""){
[92] 		@define('pocketmine\PATH', \Phar::running(true) . "/");
[93] 	}else{
[94] 		@define('pocketmine\PATH', \getcwd() . DIRECTORY_SEPARATOR);
[95] 	}
[96] 
[97] 	if(version_compare("7.0", PHP_VERSION) > 0){
[98] 		echo "[CRITICAL] You must use PHP >= 7.0" . PHP_EOL;
[99] 		echo "[CRITICAL] Please use the installer provided on the homepage." . PHP_EOL;
[100] 		exit(1);
[101] 	}
[102] 

Backtrace:
#0 (): pocketmine\Server->crashDump(boolean)

GenisysPro version: 2164fd927a9d58cb71d85fe55a50e1327a5bbe12 [Protocol 113; API 3.0.1]
uname -a: Linux iZ2ze87gj89xj2f4vxw8tkZ 4.4.0-85-generic #108-Ubuntu SMP Mon Jul 3 17:23:59 UTC 2017 x86_64
PHP version: 7.0.3
Zend version: 3.0.0
OS : Linux, linux

Server uptime: 0 seconds
Number of loaded worlds: 0
Players online: 0/20

Loaded plugins:
Asign 1.4 by Kirt for API(s) 1.10.0
Opaving 1.0.0 by Orange for API(s) 1.0.0, 2.0.0, 3.0.0, 3.0.0-ALPHA1, 3.0.0-ALPHA2, 3.0.0-ALPHA3, 3.0.0-ALPHA4
db 1.0.0 by Benben for API(s) 1.1.0
essentialsTP 1.0.9 by  for API(s) 1.0.0
DisableFlow 1.0.0 by MUedsa for API(s) 1.8.0
SWorld 1.1.0 by 18WYJ2 & boybook for API(s) 1.0.0
AuthMePE 0.1.4 by hoyinm & CyberCube-HK™ for API(s) 1.12.0
EconomyAPI 2.0.9 by onebone for API(s) 1.0.0, 1.1.0, 1.2.0, 1.2.1, 1.3.0, 1.3.1, 1.4.0, 1.4.1
QituShop 1.2.0 by qitu for API(s) 1.0.0
ld 流星优化 by onebone for API(s) 1.0.0, 1.1.0, 1.2.0, 1.2.1, 1.3.0, 1.3.1, 1.4.0, 1.4.1
RealKeepInventory 0.0.1 by MUedsa for API(s) 1.8.0
MagicWE 0.2.7 by thebigsmileXD for API(s) 3.0.0-ALPHA3
SmartSign_by腐竹CrainL 1.0.0 by CrainL for API(s) 1.0.0
MagicTelePortal 1.3.2 didou汉化 by aliuly for API(s) 1.10.0
ChestLocker 1.2 by EvolSoft for API(s) 1.8.0
