GenisysPro Crash Dump Fri Aug 11 16:32:47 CST 2017

Error: Call to a member function sendContents() on null
File: /src/pocketmine/Player
Line: 1118
Type: notice

Code:
[1109] 		if($this->getHealth() <= 0){
[1110] 			$pk = new RespawnPacket();
[1111] 			$pos = $this->getSpawn();
[1112] 			$pk->x = $pos->x;
[1113] 			$pk->y = $pos->y;
[1114] 			$pk->z = $pos->z;
[1115] 			$this->dataPacket($pk);
[1116] 		}
[1117] 
[1118] 		$this->inventory->sendContents($this);
[1119] 		$this->inventory->sendArmorContents($this);
[1120] 	}
[1121] 
[1122] 	/**
[1123] 	 * @return bool
[1124] 	 */
[1125] 	protected function orderChunks(){
[1126] 		if($this->connected === false or $this->viewDistance === -1){
[1127] 			return false;
[1128] 		}

Backtrace:
#0 /src/pocketmine/Player(2085): pocketmine\Player->sendNextChunk(boolean)
#1 /src/pocketmine/Server(2785): pocketmine\Player->checkNetwork(boolean)
#2 /src/pocketmine/Server(2502): pocketmine\Server->tick(boolean)
#3 /src/pocketmine/Server(2380): pocketmine\Server->tickProcessor(boolean)
#4 /src/pocketmine/Server(1978): pocketmine\Server->start(boolean)
#5 /src/pocketmine/PocketMine(488): pocketmine\Server->__construct(BaseClassLoader object, pocketmine\utils\MainLogger object, string phar:///root/pmmp/PocketMine-MP.phar/, string /root/pmmp/, string /root/pmmp/plugins/)
#6 (1): require_once(string phar:///root/pmmp/PocketMine-MP.phar/src/pocketmine/PocketMine.php)

GenisysPro version: 2164fd927a9d58cb71d85fe55a50e1327a5bbe12 [Protocol 113; API 3.0.1]
uname -a: Linux iZt4ncs0fu03n78v5wilaiZ 4.4.0-85-generic #108-Ubuntu SMP Mon Jul 3 17:23:59 UTC 2017 x86_64
PHP version: 7.0.3
Zend version: 3.0.0
OS : Linux, linux

Server uptime: 10 minutes 52 seconds
Number of loaded worlds: 5
Players online: 6/666

Loaded plugins:
Asign 1.4 by Kirt for API(s) 1.10.0
Opaving 1.0.0 by Orange for API(s) 1.0.0, 2.0.0, 3.0.0, 3.0.0-ALPHA1, 3.0.0-ALPHA2, 3.0.0-ALPHA3, 3.0.0-ALPHA4
SimpleMarry 1.3.0 by Him188 for API(s) 1.0.0
db 1.0.0 by Benben for API(s) 1.1.0
essentialsTP 1.0.9 by  for API(s) 1.0.0
DisableFlow 1.0.0 by MUedsa for API(s) 1.8.0
SWorld 1.1.0 by 18WYJ2 & boybook for API(s) 1.0.0
EconomyAPI 2.0.9 by onebone for API(s) 1.0.0, 1.1.0, 1.2.0, 1.2.1, 1.3.0, 1.3.1, 1.4.0, 1.4.1
QituShop 1.2.0 by qitu for API(s) 1.0.0
ld 流星优化 by onebone for API(s) 1.0.0, 1.1.0, 1.2.0, 1.2.1, 1.3.0, 1.3.1, 1.4.0, 1.4.1
RealKeepInventory 0.0.1 by MUedsa for API(s) 1.8.0
AuthMePE 1.0.1 by hoyinm14mc, Edwardthedog2 for API(s) 3.0.0-ALPHA7
MagicWE 0.2.7 by thebigsmileXD for API(s) 3.0.0-ALPHA3
SmartSign_by腐竹CrainL 1.0.0 by CrainL for API(s) 1.0.0
MagicTelePortal 1.3.2 didou汉化 by aliuly for API(s) 1.10.0
ChestLocker 1.2 by EvolSoft for API(s) 1.8.0
