GenisysPro Crash Dump Thu Aug 3 13:35:55 CST 2017

Error: stream_set_read_buffer() expects parameter 1 to be resource, boolean given
File: /src/pocketmine/level/format/io/region/RegionLoader
Line: 67
Type: notice

Code:
[58] 		$this->x = $regionX;
[59] 		$this->z = $regionZ;
[60] 		$this->levelProvider = $level;
[61] 		$this->filePath = $this->levelProvider->getPath() . "region/r.$regionX.$regionZ.$fileExtension";
[62] 		$exists = file_exists($this->filePath);
[63] 		if(!$exists){
[64] 			touch($this->filePath);
[65] 		}
[66] 		$this->filePointer = fopen($this->filePath, "r+b");
[67] 		stream_set_read_buffer($this->filePointer, 1024 * 16); //16KB
[68] 		stream_set_write_buffer($this->filePointer, 1024 * 16); //16KB
[69] 		if(!$exists){
[70] 			$this->createBlank();
[71] 		}else{
[72] 			$this->loadLocationTable();
[73] 		}
[74] 
[75] 		$this->lastUsed = time();
[76] 	}
[77] 

Backtrace:
#0 /src/pocketmine/level/format/io/region/McRegion(521): pocketmine\level\format\io\region\RegionLoader->__construct(pocketmine\level\format\io\region\PMAnvil object, integer 0, integer 0, string mcapm)
#1 /src/pocketmine/level/format/io/region/McRegion(387): pocketmine\level\format\io\region\McRegion->loadRegion(integer 0, integer 0)
#2 /src/pocketmine/level/format/io/region/McRegion(320): pocketmine\level\format\io\region\McRegion->loadChunk(integer 6, integer 8, boolean 1)
#3 /src/pocketmine/level/Level(2847): pocketmine\level\format\io\region\McRegion->getChunk(integer 6, integer 8, boolean 1)
#4 /src/pocketmine/level/Level(2398): pocketmine\level\Level->loadChunk(integer 6, integer 8, boolean 1)
#5 /src/pocketmine/level/Level(3121): pocketmine\level\Level->getChunk(integer 6, integer 8, boolean 1)
#6 /src/pocketmine/Player(1025): pocketmine\level\Level->populateChunk(integer 6, integer 8)
#7 /src/pocketmine/Player(2085): pocketmine\Player->sendNextChunk(boolean)
#8 /src/pocketmine/Server(2785): pocketmine\Player->checkNetwork(boolean)
#9 /src/pocketmine/Server(2502): pocketmine\Server->tick(boolean)
#10 /src/pocketmine/Server(2380): pocketmine\Server->tickProcessor(boolean)
#11 /src/pocketmine/Server(1978): pocketmine\Server->start(boolean)
#12 /src/pocketmine/PocketMine(488): pocketmine\Server->__construct(BaseClassLoader object, pocketmine\utils\MainLogger object, string phar:///root/pmmp/PocketMine-MP.phar/, string /root/pmmp/, string /root/pmmp/plugins/)
#13 (1): require_once(string phar:///root/pmmp/PocketMine-MP.phar/src/pocketmine/PocketMine.php)

GenisysPro version: 2164fd927a9d58cb71d85fe55a50e1327a5bbe12 [Protocol 113; API 3.0.1]
uname -a: Linux iZ2ze87gj89xj2f4vxw8tkZ 4.4.0-85-generic #108-Ubuntu SMP Mon Jul 3 17:23:59 UTC 2017 x86_64
PHP version: 7.0.3
Zend version: 3.0.0
OS : Linux, linux

Server uptime: 21 hours 48 minutes 56 seconds
Number of loaded worlds: 5
Players online: 1/20

Loaded plugins:
Asign 1.4 by Kirt for API(s) 1.10.0
Opaving 1.0.0 by Orange for API(s) 1.0.0, 2.0.0, 3.0.0, 3.0.0-ALPHA1, 3.0.0-ALPHA2, 3.0.0-ALPHA3, 3.0.0-ALPHA4
db 1.0.0 by Benben for API(s) 1.1.0
essentialsTP 1.0.9 by  for API(s) 1.0.0
DisableFlow 1.0.0 by MUedsa for API(s) 1.8.0
SWorld 1.1.0 by 18WYJ2 & boybook for API(s) 1.0.0
AuthMePE 0.1.4 by hoyinm & CyberCube-HK™ for API(s) 1.12.0
EconomyAPI 2.0.9 by onebone for API(s) 1.0.0, 1.1.0, 1.2.0, 1.2.1, 1.3.0, 1.3.1, 1.4.0, 1.4.1
QituShop 1.2.0 by qitu for API(s) 1.0.0
ld 流星优化 by onebone for API(s) 1.0.0, 1.1.0, 1.2.0, 1.2.1, 1.3.0, 1.3.1, 1.4.0, 1.4.1
RealKeepInventory 0.0.1 by MUedsa for API(s) 1.8.0
MagicWE 0.2.7 by thebigsmileXD for API(s) 3.0.0-ALPHA3
SmartSign_by腐竹CrainL 1.0.0 by CrainL for API(s) 1.0.0
MagicTelePortal 1.3.2 didou汉化 by aliuly for API(s) 1.10.0
ChestLocker 1.2 by EvolSoft for API(s) 1.8.0
